#-----------------------------------------------------------
# Vivado v2018.2 (64-bit)
# SW Build 2258646 on Thu Jun 14 20:03:12 MDT 2018
# IP Build 2256618 on Thu Jun 14 22:10:49 MDT 2018
# Start of session at: Thu Oct  4 15:42:35 2018
# Process ID: 22492
# Current directory: D:/verilog/hardware_exp/lab2/advanced_question_3_fpga/advanced_question_3_fpga
# Command line: vivado.exe -gui_launcher_event rodinguilauncherevent28692 D:\verilog\hardware_exp\lab2\advanced_question_3_fpga\advanced_question_3_fpga\advanced_question_3_fpga.xpr
# Log file: D:/verilog/hardware_exp/lab2/advanced_question_3_fpga/advanced_question_3_fpga/vivado.log
# Journal file: D:/verilog/hardware_exp/lab2/advanced_question_3_fpga/advanced_question_3_fpga\vivado.jou
#-----------------------------------------------------------
start_gui
open_project D:/verilog/hardware_exp/lab2/advanced_question_3_fpga/advanced_question_3_fpga/advanced_question_3_fpga.xpr
Scanning sources...
Finished scanning sources
INFO: [IP_Flow 19-234] Refreshing IP repositories
INFO: [IP_Flow 19-1704] No user IP repositories specified
INFO: [IP_Flow 19-2313] Loaded Vivado IP repository 'E:/XILINX/Vivado/2018.2/data/ip'.
open_project: Time (s): cpu = 00:00:51 ; elapsed = 00:00:34 . Memory (MB): peak = 754.387 ; gain = 87.590
update_compile_order -fileset sources_1
WARNING: [Common 17-9] Error reading message records.
WARNING: [Common 17-9] Error reading message records.
WARNING: [Common 17-9] Error reading message records.
WARNING: [Common 17-9] Error reading message records.
WARNING: [Common 17-9] Error reading message records.
WARNING: [Common 17-9] Error reading message records.
WARNING: [Common 17-9] Error reading message records.
WARNING: [Comopen_hw
connect_hw_server
INFO: [Labtools 27-2285] Connecting to hw_server url TCP:localhost:3121
INFO: [Labtools 27-2222] Launching hw_server...
INFexit
INFO: [Common 17-206] Exiting Vivado at Thu Oct  4 15:48:31 2018...
*** Build date : Jun 14 2018-20:42:52
    ** Copyright 1986-2018 Xilinx, Inc. All Rights Reserved.


connect_hw_server: Time (s): cpu = 00:00:02 ; elapsed = 00:00:07 . Memory (MB): peak = 781.426 ; gain = 0.000
open_hw_target
INFO: [Labtoolstcl 44-466] Opening hw_target localhost:3121/xilinx_tcf/Digilent/210183711997A
open_hw_target: Time (s): cpu = 00:00:07 ; elapsed = 00:00:07 . Memory (MB): peak = 1446.926 ; gain = 665.500
set_property PROGRAM.FILE {D:/verilog/hardware_exp/lab2/advanced_question_3_fpga/advanced_question_3_fpga/advanced_question_3_fpga.runs/impl_1/Carry_Look_Ahead_Adder.bit} [get_hw_devices xc7a35t_0]
current_hw_device [get_hw_devices xc7a35t_0]
refresh_hw_device -update_hw_probes false [lindex [get_hw_devices xc7a35t_0] 0]
INFO: [Labtools 27-1435] Device xc7a35t (JTAG device index = 0) is not programmed (DONE status = 0).
set_property PROBES.FILE {} [get_hw_devices xc7a35t_0]
set_property FULL_PROBES.FILE {} [get_hw_devices xc7a35t_0]
set_property PROGRAM.FILE {D:/verilog/hardware_exp/lab2/advanced_question_3_fpga/advanced_question_3_fpga/advanced_question_3_fpga.runs/impl_1/Carry_Look_Ahead_Adder.bit} [get_hw_devices xc7a35t_0]
program_hw_devices [get_hw_devices xc7a35t_0]
INFO: [Labtools 27-3164] End of startup status: HIGH
refresh_hw_device [lindex [get_hw_devices xc7a35t_0] 0]
INFO: [Labtools 27-1434] Device xc7a35t (JTAG device index = 0) is programmed with a design that has no supported debug core(s) in it.
WARNING: [Labtools 27-3361] The debug hub core was not detected.
Resolution: 
1. Make sure the clock connected to the debug hub (dbg_hub) core is a free running clock and is active.
2. Make sure the BSCAN_SWITCH_USER_MASK device property in Vivado Hardware Manager reflects the user scan chain setting in the design and refresh the device.  To determine the user scan chain setting in the design, open the implemented design and use 'get_property C_USER_SCAN_CHAIN [get_debug_cores dbg_hub]'.
For more details on setting the scan chain property, consult the Vivado Debug and Programming User Guide (UG908).
exit
INFO: [Common 17-206] Exiting Vivado at Thu Oct  4 15:48:27 2018...
