#-----------------------------------------------------------
# Vivado v2018.2 (64-bit)
# SW Build 2258646 on Thu Jun 14 20:03:12 MDT 2018
# IP Build 2256618 on Thu Jun 14 22:10:49 MDT 2018
# Start of session at: Wed Oct  3 13:44:46 2018
# Process ID: 35784
# Current directory: D:/verilog/hardware_exp/lab2/advanced_question_3_fpga/advanced_question_3_fpga
# Command line: vivado.exe -gui_launcher_event rodinguilauncherevent37636 D:\verilog\hardware_exp\lab2\advanced_question_3_fpga\advanced_question_3_fpga\advanced_question_3_fpga.xpr
# Log file: D:/verilog/hardware_exp/lab2/advanced_question_3_fpga/advanced_question_3_fpga/vivado.log
# Journal file: D:/verilog/hardware_exp/lab2/advanced_question_3_fpga/advanced_question_3_fpga\vivado.jou
#-----------------------------------------------------------
start_gui
open_project D:/verilog/hardware_exp/lab2/advanced_question_3_fpga/advanced_question_3_fpga/advanced_question_3_fpga.xpr
Scanning sources...
Finished scanning sources
INFO: [IP_Flow 19-234] Refreshing IP repositories
INFO: [IP_Flow 19-1704] No user IP repositories specified
INFO: [IP_Flow 19-2313] Loaded Vivado IP repository 'E:/XILINX/Vivado/2018.2/data/ip'.
open_project: Time (s): cpu = 00:00:16 ; elapsed = 00:00:28 . Memory (MB): peak = 814.766 ; gain = 67.305
update_compile_order -fileset sources_1
exit
INFO: [Common 17-206] Exiting Vivado at Wed Oct  3 13:47:36 2018...
