Copyright 1986-2018 Xilinx, Inc. All Rights Reserved.
------------------------------------------------------------------------------------------------
| Tool Version : Vivado v.2018.2 (win64) Build 2258646 Thu Jun 14 20:03:12 MDT 2018
| Date         : Fri Jan 11 08:36:11 2019
| Host         : asus running 64-bit major release  (build 9200)
| Command      : report_drc -file TOP_drc_opted.rpt -pb TOP_drc_opted.pb -rpx TOP_drc_opted.rpx
| Design       : TOP
| Device       : xc7a35tcpg236-1
| Speed File   : -1
| Design State : Synthesized
------------------------------------------------------------------------------------------------

Report DRC

Table of Contents
-----------------
1. REPORT SUMMARY
2. REPORT DETAILS

1. REPORT SUMMARY
-----------------
            Netlist: netlist
          Floorplan: design_1
      Design limits: <entire design considered>
           Ruledeck: default
             Max violations: <unlimited>
             Violations found: 1
+-------------+----------+-------------------------------------------------------------+------------+
| Rule        | Severity | Description                                                 | Violations |
+-------------+----------+-------------------------------------------------------------+------------+
| PLHOLDVIO-2 | Warning  | Non-Optimal connections which could lead to hold violations | 1          |
+-------------+----------+-------------------------------------------------------------+------------+

2. REPORT DETAILS
-----------------
PLHOLDVIO-2#1 Warning
Non-Optimal connections which could lead to hold violations  
A LUT I_BAUDGEN/Tx_i_3 is driving clock pin of 12 cells. This could lead to large hold time violations. First few involved cells are:
    I_RS232TX/Bit_reg[0] {FDRE}
    I_RS232TX/Bit_reg[1] {FDRE}
    I_RS232TX/Bit_reg[2] {FDRE}
    I_RS232TX/Bit_reg[3] {FDRE}
    I_RS232TX/TxDone_reg {FDRE}
    I_RS232TX/Tx_reg {FDSE}
    I_RS232TX/counter_reg[0] {FDRE}
    I_RS232TX/counter_reg[1] {FDRE}
    I_RS232TX/counter_reg[2] {FDRE}

Related violations: <none>


