
*** Running vivado
    with args -log top.vdi -applog -m64 -product Vivado -messageDb vivado.pb -mode batch -source top.tcl -notrace


****** Vivado v2018.2 (64-bit)
  **** SW Build 2258646 on Thu Jun 14 20:03:12 MDT 2018
  **** IP Build 2256618 on Thu Jun 14 22:10:49 MDT 2018
    ** Copyright 1986-2018 Xilinx, Inc. All Rights Reserved.

source top.tcl -notrace
Command: link_design -top top -part xc7a35tcpg236-1
Design is defaulting to srcset: sources_1
Design is defaulting to constrset: constrs_1
INFO: [Netlist 29-17] Analyzing 2 Unisim elements for replacement
INFO: [Netlist 29-28] Unisim Transformation completed in 1 CPU seconds
INFO: [Project 1-479] Netlist was created with Vivado 2018.2
INFO: [Device 21-403] Loading part xc7a35tcpg236-1
INFO: [Project 1-570] Preparing netlist for logic optimization
Parsing XDC File [D:/verilog/lab6/VGA/DEMO/demo1/Basys3_Master.xdc]
Finished Parsing XDC File [D:/verilog/lab6/VGA/DEMO/demo1/Basys3_Master.xdc]
INFO: [Opt 31-138] Pushed 0 inverter(s) to 0 load pin(s).
INFO: [Project 1-111] Unisim Transformation Summary:
No Unisim elements were transformed.

7 Infos, 0 Warnings, 0 Critical Warnings and 0 Errors encountered.
link_design completed successfully
link_design: Time (s): cpu = 00:00:10 ; elapsed = 00:00:11 . Memory (MB): peak = 565.449 ; gain = 317.230
Command: opt_design
Attempting to get a license for feature 'Implementation' and/or device 'xc7a35t'
INFO: [Common 17-349] Got license for feature 'Implementation' and/or device 'xc7a35t'
Running DRC as a precondition to command opt_design

Starting DRC Task
INFO: [DRC 23-27] Running DRC with 2 threads
INFO: [Project 1-461] DRC finished with 0 Errors
INFO: [Project 1-462] Please refer to the DRC report (report_drc) for more information.

Time (s): cpu = 00:00:03 ; elapsed = 00:00:02 . Memory (MB): peak = 577.086 ; gain = 11.637

Starting Cache Timing Information Task
INFO: [Timing 38-35] Done setting XDC timing constraints.
Ending Cache Timing Information Task | Checksum: 1e48898e8

Time (s): cpu = 00:00:17 ; elapsed = 00:00:18 . Memory (MB): peak = 1131.168 ; gain = 554.082

Starting Logic Optimization Task

Phase 1 Retarget
INFO: [Opt 31-138] Pushed 0 inverter(s) to 0 load pin(s).
INFO: [Opt 31-49] Retargeted 0 cell(s).
Phase 1 Retarget | Checksum: 1e48898e8

Time (s): cpu = 00:00:00 ; elapsed = 00:00:00.014 . Memory (MB): peak = 1131.168 ; gain = 0.000
INFO: [Opt 31-389] Phase Retarget created 0 cells and removed 0 cells

Phase 2 Constant propagation
INFO: [Opt 31-138] Pushed 0 inverter(s) to 0 load pin(s).
Phase 2 Constant propagation | Checksum: 1e48898e8

Time (s): cpu = 00:00:00 ; elapsed = 00:00:00.017 . Memory (MB): peak = 1131.168 ; gain = 0.000
INFO: [Opt 31-389] Phase Constant propagation created 0 cells and removed 0 cells

Phase 3 Sweep
Phase 3 Sweep | Checksum: 1e48898e8

Time (s): cpu = 00:00:00 ; elapsed = 00:00:00.020 . Memory (MB): peak = 1131.168 ; gain = 0.000
INFO: [Opt 31-389] Phase Sweep created 0 cells and removed 0 cells

Phase 4 BUFG optimization
Phase 4 BUFG optimization | Checksum: 1e48898e8

Time (s): cpu = 00:00:00 ; elapsed = 00:00:00.023 . Memory (MB): peak = 1131.168 ; gain = 0.000
INFO: [Opt 31-662] Phase BUFG optimization created 0 cells of which 0 are BUFGs and removed 0 cells.

Phase 5 Shift Register Optimization
Phase 5 Shift Register Optimization | Checksum: 1e48898e8

Time (s): cpu = 00:00:00 ; elapsed = 00:00:00.028 . Memory (MB): peak = 1131.168 ; gain = 0.000
INFO: [Opt 31-389] Phase Shift Register Optimization created 0 cells and removed 0 cells

Phase 6 Post Processing Netlist
Phase 6 Post Processing Netlist | Checksum: 1e48898e8

Time (s): cpu = 00:00:00 ; elapsed = 00:00:00.030 . Memory (MB): peak = 1131.168 ; gain = 0.000
INFO: [Opt 31-389] Phase Post Processing Netlist created 0 cells and removed 0 cells

Starting Connectivity Check Task

Time (s): cpu = 00:00:00 ; elapsed = 00:00:00 . Memory (MB): peak = 1131.168 ; gain = 0.000
Ending Logic Optimization Task | Checksum: 1e48898e8

Time (s): cpu = 00:00:00 ; elapsed = 00:00:00.032 . Memory (MB): peak = 1131.168 ; gain = 0.000

Starting Power Optimization Task
INFO: [Pwropt 34-132] Skipping clock gating for clocks with a period < 2.00 ns.
Ending Power Optimization Task | Checksum: 1e48898e8

Time (s): cpu = 00:00:00 ; elapsed = 00:00:00.021 . Memory (MB): peak = 1131.168 ; gain = 0.000

Starting Final Cleanup Task
Ending Final Cleanup Task | Checksum: 1e48898e8

Time (s): cpu = 00:00:00 ; elapsed = 00:00:00 . Memory (MB): peak = 1131.168 ; gain = 0.000
INFO: [Common 17-83] Releasing license: Implementation
23 Infos, 0 Warnings, 0 Critical Warnings and 0 Errors encountered.
opt_design completed successfully
opt_design: Time (s): cpu = 00:00:20 ; elapsed = 00:00:20 . Memory (MB): peak = 1131.168 ; gain = 565.719
INFO: [Timing 38-480] Writing timing data to binary archive.
Writing placer database...
Writing XDEF routing.
Writing XDEF routing logical nets.
Writing XDEF routing special nets.
Write XDEF Complete: Time (s): cpu = 00:00:00 ; elapsed = 00:00:00.086 . Memory (MB): peak = 1131.168 ; gain = 0.000
INFO: [Common 17-1381] The checkpoint 'D:/verilog/lab6/basic1/basic1/basic1.runs/impl_1/top_opt.dcp' has been generated.
INFO: [runtcl-4] Executing : report_drc -file top_drc_opted.rpt -pb top_drc_opted.pb -rpx top_drc_opted.rpx
Command: report_drc -file top_drc_opted.rpt -pb top_drc_opted.pb -rpx top_drc_opted.rpx
INFO: [IP_Flow 19-234] Refreshing IP repositories
INFO: [IP_Flow 19-1704] No user IP repositories specified
INFO: [IP_Flow 19-2313] Loaded Vivado IP repository 'E:/XILINX/Vivado/2018.2/data/ip'.
INFO: [DRC 23-27] Running DRC with 2 threads
INFO: [Coretcl 2-168] The results of DRC are in file D:/verilog/lab6/basic1/basic1/basic1.runs/impl_1/top_drc_opted.rpt.
report_drc completed successfully
report_drc: Time (s): cpu = 00:00:08 ; elapsed = 00:00:05 . Memory (MB): peak = 1131.168 ; gain = 0.000
Command: place_design
Attempting to get a license for feature 'Implementation' and/or device 'xc7a35t'
INFO: [Common 17-349] Got license for feature 'Implementation' and/or device 'xc7a35t'
INFO: [DRC 23-27] Running DRC with 2 threads
INFO: [Vivado_Tcl 4-198] DRC finished with 0 Errors
INFO: [Vivado_Tcl 4-199] Please refer to the DRC report (report_drc) for more information.
Running DRC as a precondition to command place_design
INFO: [DRC 23-27] Running DRC with 2 threads
INFO: [Vivado_Tcl 4-198] DRC finished with 0 Errors
INFO: [Vivado_Tcl 4-199] Please refer to the DRC report (report_drc) for more information.

Starting Placer Task
INFO: [Place 30-611] Multithreading enabled for place_design using a maximum of 2 CPUs

Phase 1 Placer Initialization

Phase 1.1 Placer Initialization Netlist Sorting
Netlist sorting complete. Time (s): cpu = 00:00:00 ; elapsed = 00:00:00.001 . Memory (MB): peak = 1131.168 ; gain = 0.000
Phase 1.1 Placer Initialization Netlist Sorting | Checksum: 1517e8c6a

Time (s): cpu = 00:00:00 ; elapsed = 00:00:00.041 . Memory (MB): peak = 1131.168 ; gain = 0.000
Netlist sorting complete. Time (s): cpu = 00:00:00 ; elapsed = 00:00:00.001 . Memory (MB): peak = 1131.168 ; gain = 0.000

Phase 1.2 IO Placement/ Clock Placement/ Build Placer Device
INFO: [Timing 38-35] Done setting XDC timing constraints.
Phase 1.2 IO Placement/ Clock Placement/ Build Placer Device | Checksum: 137cf71bb

Time (s): cpu = 00:00:04 ; elapsed = 00:00:02 . Memory (MB): peak = 1132.574 ; gain = 1.406

Phase 1.3 Build Placer Netlist Model
Phase 1.3 Build Placer Netlist Model | Checksum: 18b77e2d4

Time (s): cpu = 00:00:05 ; elapsed = 00:00:02 . Memory (MB): peak = 1132.574 ; gain = 1.406

Phase 1.4 Constrain Clocks/Macros
Phase 1.4 Constrain Clocks/Macros | Checksum: 18b77e2d4

Time (s): cpu = 00:00:05 ; elapsed = 00:00:02 . Memory (MB): peak = 1132.574 ; gain = 1.406
Phase 1 Placer Initialization | Checksum: 18b77e2d4

Time (s): cpu = 00:00:05 ; elapsed = 00:00:02 . Memory (MB): peak = 1132.574 ; gain = 1.406

Phase 2 Global Placement

Phase 2.1 Floorplanning
Phase 2.1 Floorplanning | Checksum: 1fc05543d

Time (s): cpu = 00:00:05 ; elapsed = 00:00:03 . Memory (MB): peak = 1132.574 ; gain = 1.406

Phase 2.2 Physical Synthesis In Placer
INFO: [Physopt 32-65] No nets found for high-fanout optimization.
INFO: [Physopt 32-232] Optimized 0 net. Created 0 new instance.
INFO: [Physopt 32-775] End 1 Pass. Optimized 0 net or cell. Created 0 new cell, deleted 0 existing cell and moved 0 existing cell
Netlist sorting complete. Time (s): cpu = 00:00:00 ; elapsed = 00:00:00.001 . Memory (MB): peak = 1132.574 ; gain = 0.000

Summary of Physical Synthesis Optimizations
============================================


-----------------------------------------------------------------------------------------------------------------------------
|  Optimization       |  Added Cells  |  Removed Cells  |  Optimized Cells/Nets  |  Dont Touch  |  Iterations  |  Elapsed   |
-----------------------------------------------------------------------------------------------------------------------------
|  Very High Fanout   |            0  |              0  |                     0  |           0  |           1  |  00:00:00  |
|  Total              |            0  |              0  |                     0  |           0  |           1  |  00:00:00  |
-----------------------------------------------------------------------------------------------------------------------------


Phase 2.2 Physical Synthesis In Placer | Checksum: 1e30c1951

Time (s): cpu = 00:00:13 ; elapsed = 00:00:07 . Memory (MB): peak = 1132.574 ; gain = 1.406
Phase 2 Global Placement | Checksum: 1a78e4718

Time (s): cpu = 00:00:13 ; elapsed = 00:00:07 . Memory (MB): peak = 1132.574 ; gain = 1.406

Phase 3 Detail Placement

Phase 3.1 Commit Multi Column Macros
Phase 3.1 Commit Multi Column Macros | Checksum: 1a78e4718

Time (s): cpu = 00:00:13 ; elapsed = 00:00:07 . Memory (MB): peak = 1132.574 ; gain = 1.406

Phase 3.2 Commit Most Macros & LUTRAMs
Phase 3.2 Commit Most Macros & LUTRAMs | Checksum: 1412c26bf

Time (s): cpu = 00:00:13 ; elapsed = 00:00:08 . Memory (MB): peak = 1132.574 ; gain = 1.406

Phase 3.3 Area Swap Optimization
Phase 3.3 Area Swap Optimization | Checksum: 1b2dfa6b4

Time (s): cpu = 00:00:13 ; elapsed = 00:00:08 . Memory (MB): peak = 1132.574 ; gain = 1.406

Phase 3.4 Pipeline Register Optimization
Phase 3.4 Pipeline Register Optimization | Checksum: 1b2dfa6b4

Time (s): cpu = 00:00:13 ; elapsed = 00:00:08 . Memory (MB): peak = 1132.574 ; gain = 1.406

Phase 3.5 Small Shape Detail Placement
Phase 3.5 Small Shape Detail Placement | Checksum: 7e2e717a

Time (s): cpu = 00:00:14 ; elapsed = 00:00:08 . Memory (MB): peak = 1132.574 ; gain = 1.406

Phase 3.6 Re-assign LUT pins
Phase 3.6 Re-assign LUT pins | Checksum: a609dc5a

Time (s): cpu = 00:00:14 ; elapsed = 00:00:08 . Memory (MB): peak = 1132.574 ; gain = 1.406

Phase 3.7 Pipeline Register Optimization
Phase 3.7 Pipeline Register Optimization | Checksum: a609dc5a

Time (s): cpu = 00:00:14 ; elapsed = 00:00:08 . Memory (MB): peak = 1132.574 ; gain = 1.406
Phase 3 Detail Placement | Checksum: a609dc5a

Time (s): cpu = 00:00:14 ; elapsed = 00:00:08 . Memory (MB): peak = 1132.574 ; gain = 1.406

Phase 4 Post Placement Optimization and Clean-Up

Phase 4.1 Post Commit Optimization
INFO: [Timing 38-35] Done setting XDC timing constraints.

Phase 4.1.1 Post Placement Optimization
Post Placement Optimization Initialization | Checksum: 12c8e4332

Phase 4.1.1.1 BUFG Insertion
INFO: [Place 46-31] BUFG insertion identified 0 candidate nets, 0 success, 0 skipped for placement/routing, 0 skipped for timing, 0 skipped for netlist change reason.
Phase 4.1.1.1 BUFG Insertion | Checksum: 12c8e4332

Time (s): cpu = 00:00:14 ; elapsed = 00:00:08 . Memory (MB): peak = 1153.461 ; gain = 22.293
INFO: [Place 30-746] Post Placement Timing Summary WNS=8.431. For the most accurate timing information please run report_timing.
Phase 4.1.1 Post Placement Optimization | Checksum: 7eeb5699

Time (s): cpu = 00:00:14 ; elapsed = 00:00:08 . Memory (MB): peak = 1153.461 ; gain = 22.293
Phase 4.1 Post Commit Optimization | Checksum: 7eeb5699

Time (s): cpu = 00:00:14 ; elapsed = 00:00:08 . Memory (MB): peak = 1153.461 ; gain = 22.293

Phase 4.2 Post Placement Cleanup
Phase 4.2 Post Placement Cleanup | Checksum: 7eeb5699

Time (s): cpu = 00:00:14 ; elapsed = 00:00:08 . Memory (MB): peak = 1153.461 ; gain = 22.293

Phase 4.3 Placer Reporting
Phase 4.3 Placer Reporting | Checksum: 7eeb5699

Time (s): cpu = 00:00:14 ; elapsed = 00:00:08 . Memory (MB): peak = 1153.461 ; gain = 22.293

Phase 4.4 Final Placement Cleanup
Phase 4.4 Final Placement Cleanup | Checksum: d782abbd

Time (s): cpu = 00:00:14 ; elapsed = 00:00:08 . Memory (MB): peak = 1153.461 ; gain = 22.293
Phase 4 Post Placement Optimization and Clean-Up | Checksum: d782abbd

Time (s): cpu = 00:00:14 ; elapsed = 00:00:08 . Memory (MB): peak = 1153.461 ; gain = 22.293
Ending Placer Task | Checksum: c6df41fd

Time (s): cpu = 00:00:14 ; elapsed = 00:00:08 . Memory (MB): peak = 1153.461 ; gain = 22.293
INFO: [Common 17-83] Releasing license: Implementation
47 Infos, 0 Warnings, 0 Critical Warnings and 0 Errors encountered.
place_design completed successfully
place_design: Time (s): cpu = 00:00:17 ; elapsed = 00:00:10 . Memory (MB): peak = 1153.461 ; gain = 22.293
INFO: [Timing 38-480] Writing timing data to binary archive.
Writing placer database...
Writing XDEF routing.
Writing XDEF routing logical nets.
Writing XDEF routing special nets.
Write XDEF Complete: Time (s): cpu = 00:00:01 ; elapsed = 00:00:00.128 . Memory (MB): peak = 1155.852 ; gain = 2.355
INFO: [Common 17-1381] The checkpoint 'D:/verilog/lab6/basic1/basic1/basic1.runs/impl_1/top_placed.dcp' has been generated.
INFO: [runtcl-4] Executing : report_io -file top_io_placed.rpt
report_io: Time (s): cpu = 00:00:00 ; elapsed = 00:00:00.071 . Memory (MB): peak = 1160.867 ; gain = 0.000
INFO: [runtcl-4] Executing : report_utilization -file top_utilization_placed.rpt -pb top_utilization_placed.pb
report_utilization: Time (s): cpu = 00:00:00 ; elapsed = 00:00:00.057 . Memory (MB): peak = 1160.867 ; gain = 0.000
INFO: [runtcl-4] Executing : report_control_sets -verbose -file top_control_sets_placed.rpt
report_control_sets: Time (s): cpu = 00:00:00 ; elapsed = 00:00:00.002 . Memory (MB): peak = 1160.867 ; gain = 0.000
Command: route_design
Attempting to get a license for feature 'Implementation' and/or device 'xc7a35t'
INFO: [Common 17-349] Got license for feature 'Implementation' and/or device 'xc7a35t'
Running DRC as a precondition to command route_design
INFO: [DRC 23-27] Running DRC with 2 threads
INFO: [Vivado_Tcl 4-198] DRC finished with 0 Errors
INFO: [Vivado_Tcl 4-199] Please refer to the DRC report (report_drc) for more information.


Starting Routing Task
INFO: [Route 35-254] Multithreading enabled for route_design using a maximum of 2 CPUs
Checksum: PlaceDB: 4f6fa95b ConstDB: 0 ShapeSum: 776f98a2 RouteDB: 0

Phase 1 Build RT Design
Phase 1 Build RT Design | Checksum: 3db6c752

Time (s): cpu = 00:00:43 ; elapsed = 00:00:37 . Memory (MB): peak = 1255.453 ; gain = 94.586
Post Restoration Checksum: NetGraph: f1fab88 NumContArr: 2e971bca Constraints: 0 Timing: 0

Phase 2 Router Initialization

Phase 2.1 Create Timer
Phase 2.1 Create Timer | Checksum: 3db6c752

Time (s): cpu = 00:00:43 ; elapsed = 00:00:37 . Memory (MB): peak = 1255.453 ; gain = 94.586

Phase 2.2 Fix Topology Constraints
Phase 2.2 Fix Topology Constraints | Checksum: 3db6c752

Time (s): cpu = 00:00:43 ; elapsed = 00:00:37 . Memory (MB): peak = 1261.441 ; gain = 100.574

Phase 2.3 Pre Route Cleanup
Phase 2.3 Pre Route Cleanup | Checksum: 3db6c752

Time (s): cpu = 00:00:43 ; elapsed = 00:00:37 . Memory (MB): peak = 1261.441 ; gain = 100.574
 Number of Nodes with overlaps = 0

Phase 2.4 Update Timing
Phase 2.4 Update Timing | Checksum: de1321cd

Time (s): cpu = 00:00:43 ; elapsed = 00:00:37 . Memory (MB): peak = 1265.340 ; gain = 104.473
INFO: [Route 35-416] Intermediate Timing Summary | WNS=8.399  | TNS=0.000  | WHS=0.020  | THS=0.000  |

Phase 2 Router Initialization | Checksum: 1afaaf1c4

Time (s): cpu = 00:00:43 ; elapsed = 00:00:37 . Memory (MB): peak = 1265.340 ; gain = 104.473

Phase 3 Initial Routing
Phase 3 Initial Routing | Checksum: 1382be9a0

Time (s): cpu = 00:00:44 ; elapsed = 00:00:37 . Memory (MB): peak = 1265.340 ; gain = 104.473

Phase 4 Rip-up And Reroute

Phase 4.1 Global Iteration 0
 Number of Nodes with overlaps = 5
 Number of Nodes with overlaps = 0
INFO: [Route 35-416] Intermediate Timing Summary | WNS=8.115  | TNS=0.000  | WHS=N/A    | THS=N/A    |

Phase 4.1 Global Iteration 0 | Checksum: 177d23d54

Time (s): cpu = 00:00:44 ; elapsed = 00:00:38 . Memory (MB): peak = 1265.340 ; gain = 104.473
Phase 4 Rip-up And Reroute | Checksum: 177d23d54

Time (s): cpu = 00:00:44 ; elapsed = 00:00:38 . Memory (MB): peak = 1265.340 ; gain = 104.473

Phase 5 Delay and Skew Optimization

Phase 5.1 Delay CleanUp

Phase 5.1.1 Update Timing
Phase 5.1.1 Update Timing | Checksum: 2055961eb

Time (s): cpu = 00:00:44 ; elapsed = 00:00:38 . Memory (MB): peak = 1265.340 ; gain = 104.473
INFO: [Route 35-416] Intermediate Timing Summary | WNS=8.188  | TNS=0.000  | WHS=N/A    | THS=N/A    |

Phase 5.1 Delay CleanUp | Checksum: 2055961eb

Time (s): cpu = 00:00:44 ; elapsed = 00:00:38 . Memory (MB): peak = 1265.340 ; gain = 104.473

Phase 5.2 Clock Skew Optimization
Phase 5.2 Clock Skew Optimization | Checksum: 2055961eb

Time (s): cpu = 00:00:44 ; elapsed = 00:00:38 . Memory (MB): peak = 1265.340 ; gain = 104.473
Phase 5 Delay and Skew Optimization | Checksum: 2055961eb

Time (s): cpu = 00:00:44 ; elapsed = 00:00:38 . Memory (MB): peak = 1265.340 ; gain = 104.473

Phase 6 Post Hold Fix

Phase 6.1 Hold Fix Iter

Phase 6.1.1 Update Timing
Phase 6.1.1 Update Timing | Checksum: 1fdff8785

Time (s): cpu = 00:00:44 ; elapsed = 00:00:38 . Memory (MB): peak = 1265.340 ; gain = 104.473
INFO: [Route 35-416] Intermediate Timing Summary | WNS=8.188  | TNS=0.000  | WHS=0.514  | THS=0.000  |

Phase 6.1 Hold Fix Iter | Checksum: 2104f93dd

Time (s): cpu = 00:00:44 ; elapsed = 00:00:38 . Memory (MB): peak = 1265.340 ; gain = 104.473
Phase 6 Post Hold Fix | Checksum: 2104f93dd

Time (s): cpu = 00:00:44 ; elapsed = 00:00:38 . Memory (MB): peak = 1265.340 ; gain = 104.473

Phase 7 Route finalize

Router Utilization Summary
  Global Vertical Routing Utilization    = 0.00940764 %
  Global Horizontal Routing Utilization  = 0.00728787 %
  Routable Net Status*
  *Does not include unroutable nets such as driverless and loadless.
  Run report_route_status for detailed report.
  Number of Failed Nets               = 0
  Number of Unrouted Nets             = 0
  Number of Partially Routed Nets     = 0
  Number of Node Overlaps             = 0

Phase 7 Route finalize | Checksum: 20843a103

Time (s): cpu = 00:00:44 ; elapsed = 00:00:38 . Memory (MB): peak = 1265.340 ; gain = 104.473

Phase 8 Verifying routed nets

 Verification completed successfully
Phase 8 Verifying routed nets | Checksum: 20843a103

Time (s): cpu = 00:00:44 ; elapsed = 00:00:38 . Memory (MB): peak = 1265.637 ; gain = 104.770

Phase 9 Depositing Routes
Phase 9 Depositing Routes | Checksum: 2c356c064

Time (s): cpu = 00:00:44 ; elapsed = 00:00:38 . Memory (MB): peak = 1265.637 ; gain = 104.770

Phase 10 Post Router Timing
INFO: [Route 35-57] Estimated Timing Summary | WNS=8.188  | TNS=0.000  | WHS=0.514  | THS=0.000  |

INFO: [Route 35-327] The final timing numbers are based on the router estimated timing analysis. For a complete and accurate timing signoff, please run report_timing_summary.
Phase 10 Post Router Timing | Checksum: 2c356c064

Time (s): cpu = 00:00:44 ; elapsed = 00:00:38 . Memory (MB): peak = 1265.637 ; gain = 104.770
INFO: [Route 35-16] Router Completed Successfully

Time (s): cpu = 00:00:44 ; elapsed = 00:00:38 . Memory (MB): peak = 1265.637 ; gain = 104.770

Routing Is Done.
INFO: [Common 17-83] Releasing license: Implementation
65 Infos, 0 Warnings, 0 Critical Warnings and 0 Errors encountered.
route_design completed successfully
route_design: Time (s): cpu = 00:00:50 ; elapsed = 00:00:40 . Memory (MB): peak = 1265.637 ; gain = 104.770
INFO: [Timing 38-480] Writing timing data to binary archive.
Writing placer database...
Writing XDEF routing.
Writing XDEF routing logical nets.
Writing XDEF routing special nets.
Write XDEF Complete: Time (s): cpu = 00:00:00 ; elapsed = 00:00:00.182 . Memory (MB): peak = 1265.637 ; gain = 0.000
INFO: [Common 17-1381] The checkpoint 'D:/verilog/lab6/basic1/basic1/basic1.runs/impl_1/top_routed.dcp' has been generated.
INFO: [runtcl-4] Executing : report_drc -file top_drc_routed.rpt -pb top_drc_routed.pb -rpx top_drc_routed.rpx
Command: report_drc -file top_drc_routed.rpt -pb top_drc_routed.pb -rpx top_drc_routed.rpx
INFO: [DRC 23-27] Running DRC with 2 threads
INFO: [Coretcl 2-168] The results of DRC are in file D:/verilog/lab6/basic1/basic1/basic1.runs/impl_1/top_drc_routed.rpt.
report_drc completed successfully
INFO: [runtcl-4] Executing : report_methodology -file top_methodology_drc_routed.rpt -pb top_methodology_drc_routed.pb -rpx top_methodology_drc_routed.rpx
Command: report_methodology -file top_methodology_drc_routed.rpt -pb top_methodology_drc_routed.pb -rpx top_methodology_drc_routed.rpx
INFO: [Timing 38-35] Done setting XDC timing constraints.
INFO: [Timing 38-35] Done setting XDC timing constraints.
INFO: [DRC 23-133] Running Methodology with 2 threads
INFO: [Coretcl 2-1520] The results of Report Methodology are in file D:/verilog/lab6/basic1/basic1/basic1.runs/impl_1/top_methodology_drc_routed.rpt.
report_methodology completed successfully
INFO: [runtcl-4] Executing : report_power -file top_power_routed.rpt -pb top_power_summary_routed.pb -rpx top_power_routed.rpx
Command: report_power -file top_power_routed.rpt -pb top_power_summary_routed.pb -rpx top_power_routed.rpx
INFO: [Timing 38-35] Done setting XDC timing constraints.
Running Vector-less Activity Propagation...

Finished Running Vector-less Activity Propagation
77 Infos, 0 Warnings, 0 Critical Warnings and 0 Errors encountered.
report_power completed successfully
INFO: [runtcl-4] Executing : report_route_status -file top_route_status.rpt -pb top_route_status.pb
INFO: [runtcl-4] Executing : report_timing_summary -max_paths 10 -file top_timing_summary_routed.rpt -pb top_timing_summary_routed.pb -rpx top_timing_summary_routed.rpx -warn_on_violation 
INFO: [Timing 38-91] UpdateTimingParams: Speed grade: -1, Delay Type: min_max, Timing Stage: Requireds.
INFO: [Timing 38-191] Multithreading enabled for timing update using a maximum of 2 CPUs
INFO: [runtcl-4] Executing : report_incremental_reuse -file top_incremental_reuse_routed.rpt
INFO: [Vivado_Tcl 4-545] No incremental reuse to report, no incremental placement and routing data was found.
INFO: [runtcl-4] Executing : report_clock_utilization -file top_clock_utilization_routed.rpt
INFO: [runtcl-4] Executing : report_bus_skew -warn_on_violation -file top_bus_skew_routed.rpt -pb top_bus_skew_routed.pb -rpx top_bus_skew_routed.rpx
INFO: [Timing 38-91] UpdateTimingParams: Speed grade: -1, Delay Type: min_max, Timing Stage: Requireds.
INFO: [Timing 38-191] Multithreading enabled for timing update using a maximum of 2 CPUs
Command: write_bitstream -force top.bit
Attempting to get a license for feature 'Implementation' and/or device 'xc7a35t'
INFO: [Common 17-349] Got license for feature 'Implementation' and/or device 'xc7a35t'
Running DRC as a precondition to command write_bitstream
INFO: [DRC 23-27] Running DRC with 2 threads
INFO: [Vivado 12-3199] DRC finished with 0 Errors
INFO: [Vivado 12-3200] Please refer to the DRC report (report_drc) for more information.
INFO: [Designutils 20-2272] Running write_bitstream with 2 threads.
Loading data files...
Loading site data...
Loading route data...
Processing options...
Creating bitmap...
Creating bitstream...
Bitstream compression saved 15805856 bits.
Writing bitstream ./top.bit...
INFO: [Vivado 12-1842] Bitgen Completed Successfully.
INFO: [Project 1-120] WebTalk data collection is mandatory when using a WebPACK part without a full Vivado license. To see the specific WebTalk data collected for your design, open the usage_statistics_webtalk.html or usage_statistics_webtalk.xml file in the implementation directory.
INFO: [Common 17-83] Releasing license: Implementation
95 Infos, 0 Warnings, 0 Critical Warnings and 0 Errors encountered.
write_bitstream completed successfully
write_bitstream: Time (s): cpu = 00:00:24 ; elapsed = 00:00:22 . Memory (MB): peak = 1694.477 ; gain = 395.090
INFO: [Common 17-206] Exiting Vivado at Thu Nov 29 16:03:58 2018...
