
*** Running vivado
    with args -log KeyboardCtrl_0.vds -m64 -product Vivado -mode batch -messageDb vivado.pb -notrace -source KeyboardCtrl_0.tcl


****** Vivado v2018.2 (64-bit)
  **** SW Build 2258646 on Thu Jun 14 20:03:12 MDT 2018
  **** IP Build 2256618 on Thu Jun 14 22:10:49 MDT 2018
    ** Copyright 1986-2018 Xilinx, Inc. All Rights Reserved.

source KeyboardCtrl_0.tcl -notrace
Command: synth_design -top KeyboardCtrl_0 -part xc7a35tcpg236-1 -mode out_of_context
Starting synth_design
Attempting to get a license for feature 'Synthesis' and/or device 'xc7a35t'
INFO: [Common 17-349] Got license for feature 'Synthesis' and/or device 'xc7a35t'
INFO: Launching helper process for spawning children vivado processes
INFO: Helper process launched with PID 19616 
WARNING: [Synth 8-2507] parameter declaration becomes local in Ps2Interface with formal parameter declaration list [d:/verilog/hardware_exp/lab5/basic4/basic4/basic4.srcs/sources_1/ip/KeyboardCtrl_0/src/Ps2Interface.v:191]
WARNING: [Synth 8-2507] parameter declaration becomes local in Ps2Interface with formal parameter declaration list [d:/verilog/hardware_exp/lab5/basic4/basic4/basic4.srcs/sources_1/ip/KeyboardCtrl_0/src/Ps2Interface.v:192]
WARNING: [Synth 8-2507] parameter declaration becomes local in Ps2Interface with formal parameter declaration list [d:/verilog/hardware_exp/lab5/basic4/basic4/basic4.srcs/sources_1/ip/KeyboardCtrl_0/src/Ps2Interface.v:193]
WARNING: [Synth 8-2507] parameter declaration becomes local in Ps2Interface with formal parameter declaration list [d:/verilog/hardware_exp/lab5/basic4/basic4/basic4.srcs/sources_1/ip/KeyboardCtrl_0/src/Ps2Interface.v:194]
WARNING: [Synth 8-2507] parameter declaration becomes local in Ps2Interface with formal parameter declaration list [d:/verilog/hardware_exp/lab5/basic4/basic4/basic4.srcs/sources_1/ip/KeyboardCtrl_0/src/Ps2Interface.v:229]
WARNING: [Synth 8-2507] parameter declaration becomes local in Ps2Interface with formal parameter declaration list [d:/verilog/hardware_exp/lab5/basic4/basic4/basic4.srcs/sources_1/ip/KeyboardCtrl_0/src/Ps2Interface.v:231]
WARNING: [Synth 8-2507] parameter declaration becomes local in Ps2Interface with formal parameter declaration list [d:/verilog/hardware_exp/lab5/basic4/basic4/basic4.srcs/sources_1/ip/KeyboardCtrl_0/src/Ps2Interface.v:232]
WARNING: [Synth 8-2507] parameter declaration becomes local in Ps2Interface with formal parameter declaration list [d:/verilog/hardware_exp/lab5/basic4/basic4/basic4.srcs/sources_1/ip/KeyboardCtrl_0/src/Ps2Interface.v:233]
WARNING: [Synth 8-2507] parameter declaration becomes local in Ps2Interface with formal parameter declaration list [d:/verilog/hardware_exp/lab5/basic4/basic4/basic4.srcs/sources_1/ip/KeyboardCtrl_0/src/Ps2Interface.v:234]
WARNING: [Synth 8-2507] parameter declaration becomes local in Ps2Interface with formal parameter declaration list [d:/verilog/hardware_exp/lab5/basic4/basic4/basic4.srcs/sources_1/ip/KeyboardCtrl_0/src/Ps2Interface.v:235]
WARNING: [Synth 8-2507] parameter declaration becomes local in Ps2Interface with formal parameter declaration list [d:/verilog/hardware_exp/lab5/basic4/basic4/basic4.srcs/sources_1/ip/KeyboardCtrl_0/src/Ps2Interface.v:236]
WARNING: [Synth 8-2507] parameter declaration becomes local in Ps2Interface with formal parameter declaration list [d:/verilog/hardware_exp/lab5/basic4/basic4/basic4.srcs/sources_1/ip/KeyboardCtrl_0/src/Ps2Interface.v:237]
WARNING: [Synth 8-2507] parameter declaration becomes local in Ps2Interface with formal parameter declaration list [d:/verilog/hardware_exp/lab5/basic4/basic4/basic4.srcs/sources_1/ip/KeyboardCtrl_0/src/Ps2Interface.v:238]
WARNING: [Synth 8-2507] parameter declaration becomes local in Ps2Interface with formal parameter declaration list [d:/verilog/hardware_exp/lab5/basic4/basic4/basic4.srcs/sources_1/ip/KeyboardCtrl_0/src/Ps2Interface.v:239]
WARNING: [Synth 8-2507] parameter declaration becomes local in Ps2Interface with formal parameter declaration list [d:/verilog/hardware_exp/lab5/basic4/basic4/basic4.srcs/sources_1/ip/KeyboardCtrl_0/src/Ps2Interface.v:240]
WARNING: [Synth 8-2507] parameter declaration becomes local in Ps2Interface with formal parameter declaration list [d:/verilog/hardware_exp/lab5/basic4/basic4/basic4.srcs/sources_1/ip/KeyboardCtrl_0/src/Ps2Interface.v:241]
WARNING: [Synth 8-2507] parameter declaration becomes local in Ps2Interface with formal parameter declaration list [d:/verilog/hardware_exp/lab5/basic4/basic4/basic4.srcs/sources_1/ip/KeyboardCtrl_0/src/Ps2Interface.v:242]
WARNING: [Synth 8-2507] parameter declaration becomes local in Ps2Interface with formal parameter declaration list [d:/verilog/hardware_exp/lab5/basic4/basic4/basic4.srcs/sources_1/ip/KeyboardCtrl_0/src/Ps2Interface.v:243]
WARNING: [Synth 8-2507] parameter declaration becomes local in Ps2Interface with formal parameter declaration list [d:/verilog/hardware_exp/lab5/basic4/basic4/basic4.srcs/sources_1/ip/KeyboardCtrl_0/src/Ps2Interface.v:244]
WARNING: [Synth 8-2507] parameter declaration becomes local in Ps2Interface with formal parameter declaration list [d:/verilog/hardware_exp/lab5/basic4/basic4/basic4.srcs/sources_1/ip/KeyboardCtrl_0/src/Ps2Interface.v:245]
WARNING: [Synth 8-2507] parameter declaration becomes local in KeyboardCtrl with formal parameter declaration list [d:/verilog/hardware_exp/lab5/basic4/basic4/basic4.srcs/sources_1/ip/KeyboardCtrl_0/src/KeyboardCtrl.v:18]
WARNING: [Synth 8-2507] parameter declaration becomes local in KeyboardCtrl with formal parameter declaration list [d:/verilog/hardware_exp/lab5/basic4/basic4/basic4.srcs/sources_1/ip/KeyboardCtrl_0/src/KeyboardCtrl.v:19]
WARNING: [Synth 8-2507] parameter declaration becomes local in KeyboardCtrl with formal parameter declaration list [d:/verilog/hardware_exp/lab5/basic4/basic4/basic4.srcs/sources_1/ip/KeyboardCtrl_0/src/KeyboardCtrl.v:20]
WARNING: [Synth 8-2507] parameter declaration becomes local in KeyboardCtrl with formal parameter declaration list [d:/verilog/hardware_exp/lab5/basic4/basic4/basic4.srcs/sources_1/ip/KeyboardCtrl_0/src/KeyboardCtrl.v:21]
WARNING: [Synth 8-2507] parameter declaration becomes local in KeyboardCtrl with formal parameter declaration list [d:/verilog/hardware_exp/lab5/basic4/basic4/basic4.srcs/sources_1/ip/KeyboardCtrl_0/src/KeyboardCtrl.v:22]
WARNING: [Synth 8-2507] parameter declaration becomes local in KeyboardCtrl with formal parameter declaration list [d:/verilog/hardware_exp/lab5/basic4/basic4/basic4.srcs/sources_1/ip/KeyboardCtrl_0/src/KeyboardCtrl.v:23]
WARNING: [Synth 8-2507] parameter declaration becomes local in KeyboardCtrl with formal parameter declaration list [d:/verilog/hardware_exp/lab5/basic4/basic4/basic4.srcs/sources_1/ip/KeyboardCtrl_0/src/KeyboardCtrl.v:24]
WARNING: [Synth 8-2507] parameter declaration becomes local in KeyboardCtrl with formal parameter declaration list [d:/verilog/hardware_exp/lab5/basic4/basic4/basic4.srcs/sources_1/ip/KeyboardCtrl_0/src/KeyboardCtrl.v:26]
WARNING: [Synth 8-2507] parameter declaration becomes local in KeyboardCtrl with formal parameter declaration list [d:/verilog/hardware_exp/lab5/basic4/basic4/basic4.srcs/sources_1/ip/KeyboardCtrl_0/src/KeyboardCtrl.v:27]
WARNING: [Synth 8-2507] parameter declaration becomes local in KeyboardCtrl with formal parameter declaration list [d:/verilog/hardware_exp/lab5/basic4/basic4/basic4.srcs/sources_1/ip/KeyboardCtrl_0/src/KeyboardCtrl.v:28]
WARNING: [Synth 8-2507] parameter declaration becomes local in KeyboardCtrl with formal parameter declaration list [d:/verilog/hardware_exp/lab5/basic4/basic4/basic4.srcs/sources_1/ip/KeyboardCtrl_0/src/KeyboardCtrl.v:29]
WARNING: [Synth 8-2507] parameter declaration becomes local in KeyboardCtrl with formal parameter declaration list [d:/verilog/hardware_exp/lab5/basic4/basic4/basic4.srcs/sources_1/ip/KeyboardCtrl_0/src/KeyboardCtrl.v:31]
WARNING: [Synth 8-2507] parameter declaration becomes local in KeyboardCtrl with formal parameter declaration list [d:/verilog/hardware_exp/lab5/basic4/basic4/basic4.srcs/sources_1/ip/KeyboardCtrl_0/src/KeyboardCtrl.v:32]
WARNING: [Synth 8-2507] parameter declaration becomes local in KeyboardCtrl with formal parameter declaration list [d:/verilog/hardware_exp/lab5/basic4/basic4/basic4.srcs/sources_1/ip/KeyboardCtrl_0/src/KeyboardCtrl.v:33]
WARNING: [Synth 8-2507] parameter declaration becomes local in KeyboardCtrl with formal parameter declaration list [d:/verilog/hardware_exp/lab5/basic4/basic4/basic4.srcs/sources_1/ip/KeyboardCtrl_0/src/KeyboardCtrl.v:34]
WARNING: [Synth 8-2507] parameter declaration becomes local in KeyboardCtrl with formal parameter declaration list [d:/verilog/hardware_exp/lab5/basic4/basic4/basic4.srcs/sources_1/ip/KeyboardCtrl_0/src/KeyboardCtrl.v:35]
---------------------------------------------------------------------------------
Starting Synthesize : Time (s): cpu = 00:00:03 ; elapsed = 00:00:03 . Memory (MB): peak = 395.129 ; gain = 109.066
---------------------------------------------------------------------------------
INFO: [Synth 8-6157] synthesizing module 'KeyboardCtrl_0' [d:/verilog/hardware_exp/lab5/basic4/basic4/basic4.srcs/sources_1/ip/KeyboardCtrl_0/synth/KeyboardCtrl_0.v:57]
INFO: [Synth 8-6157] synthesizing module 'KeyboardCtrl' [d:/verilog/hardware_exp/lab5/basic4/basic4/basic4.srcs/sources_1/ip/KeyboardCtrl_0/src/KeyboardCtrl.v:1]
	Parameter SYSCLK_FREQUENCY_HZ bound to: 100000000 - type: integer 
	Parameter RESET bound to: 3'b000 
	Parameter SEND_CMD bound to: 3'b001 
	Parameter WAIT_ACK bound to: 3'b010 
	Parameter WAIT_KEYIN bound to: 3'b011 
	Parameter GET_BREAK bound to: 3'b100 
	Parameter GET_EXTEND bound to: 3'b101 
	Parameter RESET_WAIT_BAT bound to: 3'b110 
	Parameter CMD_RESET bound to: 8'b11111111 
	Parameter CMD_SET_STATUS_LEDS bound to: 8'b11101101 
	Parameter RSP_ACK bound to: 8'b11111010 
	Parameter RSP_BAT_PASS bound to: 8'b10101010 
	Parameter BREAK_CODE bound to: 8'b11110000 
	Parameter EXTEND_CODE bound to: 8'b11100000 
	Parameter CAPS_LOCK bound to: 8'b01011000 
	Parameter NUM_LOCK bound to: 8'b01110111 
	Parameter SCR_LOCK bound to: 8'b01111110 
INFO: [Synth 8-6157] synthesizing module 'Ps2Interface' [d:/verilog/hardware_exp/lab5/basic4/basic4/basic4.srcs/sources_1/ip/KeyboardCtrl_0/src/Ps2Interface.v:164]
	Parameter SYSCLK_FREQUENCY_HZ bound to: 100000000 - type: integer 
	Parameter CLOCK_CNT_100US bound to: 10000 - type: integer 
	Parameter CLOCK_CNT_20US bound to: 2000 - type: integer 
	Parameter DEBOUNCE_DELAY bound to: 15 - type: integer 
	Parameter BITS_NUM bound to: 11 - type: integer 
	Parameter parity_table bound to: 256'b1001011001101001011010011001011001101001100101101001011001101001011010011001011010010110011010011001011001101001011010011001011001101001100101101001011001101001100101100110100101101001100101101001011001101001011010011001011001101001100101101001011001101001 
	Parameter IDLE bound to: 4'b0000 
	Parameter RX_NEG_EDGE bound to: 4'b0001 
	Parameter RX_CLK_LOW bound to: 4'b0010 
	Parameter RX_CLK_HIGH bound to: 4'b0011 
	Parameter TX_FORCE_CLK_LOW bound to: 4'b0100 
	Parameter TX_BRING_DATA_LOW bound to: 4'b0101 
	Parameter TX_RELEASE_CLK bound to: 4'b0110 
	Parameter TX_WAIT_FIRTS_NEG_EDGE bound to: 4'b0111 
	Parameter TX_CLK_LOW bound to: 4'b1000 
	Parameter TX_WAIT_POS_EDGE bound to: 4'b1001 
	Parameter TX_CLK_HIGH bound to: 4'b1010 
	Parameter TX_WAIT_POS_EDGE_BEFORE_ACK bound to: 4'b1011 
	Parameter TX_WAIT_ACK bound to: 4'b1100 
	Parameter TX_RECEIVED_ACK bound to: 4'b1101 
	Parameter TX_ERROR_NO_ACK bound to: 4'b1110 
INFO: [Synth 8-6157] synthesizing module 'IOBUF' [E:/XILINX/Vivado/2018.2/scripts/rt/data/unisim_comp.v:22660]
	Parameter DRIVE bound to: 12 - type: integer 
	Parameter IBUF_LOW_PWR bound to: TRUE - type: string 
	Parameter IOSTANDARD bound to: DEFAULT - type: string 
	Parameter SLEW bound to: SLOW - type: string 
INFO: [Synth 8-6155] done synthesizing module 'IOBUF' (1#1) [E:/XILINX/Vivado/2018.2/scripts/rt/data/unisim_comp.v:22660]
INFO: [Synth 8-6155] done synthesizing module 'Ps2Interface' (2#1) [d:/verilog/hardware_exp/lab5/basic4/basic4/basic4.srcs/sources_1/ip/KeyboardCtrl_0/src/Ps2Interface.v:164]
INFO: [Synth 8-6155] done synthesizing module 'KeyboardCtrl' (3#1) [d:/verilog/hardware_exp/lab5/basic4/basic4/basic4.srcs/sources_1/ip/KeyboardCtrl_0/src/KeyboardCtrl.v:1]
INFO: [Synth 8-6155] done synthesizing module 'KeyboardCtrl_0' (4#1) [d:/verilog/hardware_exp/lab5/basic4/basic4/basic4.srcs/sources_1/ip/KeyboardCtrl_0/synth/KeyboardCtrl_0.v:57]
---------------------------------------------------------------------------------
Finished Synthesize : Time (s): cpu = 00:00:04 ; elapsed = 00:00:04 . Memory (MB): peak = 430.555 ; gain = 144.492
---------------------------------------------------------------------------------
---------------------------------------------------------------------------------
Finished Constraint Validation : Time (s): cpu = 00:00:04 ; elapsed = 00:00:04 . Memory (MB): peak = 430.555 ; gain = 144.492
---------------------------------------------------------------------------------
---------------------------------------------------------------------------------
Start Loading Part and Timing Information
---------------------------------------------------------------------------------
Loading part: xc7a35tcpg236-1
---------------------------------------------------------------------------------
Finished Loading Part and Timing Information : Time (s): cpu = 00:00:04 ; elapsed = 00:00:04 . Memory (MB): peak = 430.555 ; gain = 144.492
---------------------------------------------------------------------------------
INFO: [Device 21-403] Loading part xc7a35tcpg236-1
INFO: [Synth 8-802] inferred FSM for state register 'state_reg' in module 'Ps2Interface'
INFO: [Synth 8-5544] ROM "ps2_clk_s" won't be mapped to Block RAM because address size (4) smaller than threshold (5)
INFO: [Synth 8-5544] ROM "ps2_data_s" won't be mapped to Block RAM because address size (4) smaller than threshold (5)
INFO: [Synth 8-5544] ROM "ps2_data_en_next" won't be mapped to Block RAM because address size (4) smaller than threshold (5)
INFO: [Synth 8-5544] ROM "busy" won't be mapped to Block RAM because address size (4) smaller than threshold (5)
INFO: [Synth 8-5544] ROM "ps2_clk_out_next" won't be mapped to Block RAM because address size (4) smaller than threshold (5)
INFO: [Synth 8-5544] ROM "ps2_clk_en_next" won't be mapped to Block RAM because address size (4) smaller than threshold (5)
INFO: [Synth 8-5544] ROM "state_next" won't be mapped to Block RAM because address size (1) smaller than threshold (5)
INFO: [Synth 8-5546] ROM "state_next" won't be mapped to RAM because it is too sparse
INFO: [Synth 8-5546] ROM "state_next" won't be mapped to RAM because it is too sparse
INFO: [Synth 8-5544] ROM "state_next" won't be mapped to Block RAM because address size (1) smaller than threshold (5)
INFO: [Synth 8-5544] ROM "state_next" won't be mapped to Block RAM because address size (1) smaller than threshold (5)
INFO: [Synth 8-5544] ROM "state_next" won't be mapped to Block RAM because address size (1) smaller than threshold (5)
INFO: [Synth 8-5544] ROM "state_next" won't be mapped to Block RAM because address size (1) smaller than threshold (5)
INFO: [Synth 8-5544] ROM "state_next" won't be mapped to Block RAM because address size (1) smaller than threshold (5)
INFO: [Synth 8-5544] ROM "state_next" won't be mapped to Block RAM because address size (1) smaller than threshold (5)
INFO: [Synth 8-5544] ROM "state_next" won't be mapped to Block RAM because address size (1) smaller than threshold (5)
INFO: [Synth 8-5544] ROM "state_next" won't be mapped to Block RAM because address size (1) smaller than threshold (5)
INFO: [Synth 8-802] inferred FSM for state register 'state_reg' in module 'KeyboardCtrl'
INFO: [Synth 8-5544] ROM "lock_status" won't be mapped to Block RAM because address size (3) smaller than threshold (5)
INFO: [Synth 8-5544] ROM "is_extend" won't be mapped to Block RAM because address size (3) smaller than threshold (5)
INFO: [Synth 8-5544] ROM "state" won't be mapped to Block RAM because address size (1) smaller than threshold (5)
INFO: [Synth 8-5544] ROM "state" won't be mapped to Block RAM because address size (1) smaller than threshold (5)
INFO: [Synth 8-5544] ROM "state" won't be mapped to Block RAM because address size (1) smaller than threshold (5)
INFO: [Synth 8-5544] ROM "state" won't be mapped to Block RAM because address size (1) smaller than threshold (5)
INFO: [Synth 8-5544] ROM "state" won't be mapped to Block RAM because address size (1) smaller than threshold (5)
INFO: [Synth 8-5544] ROM "state" won't be mapped to Block RAM because address size (1) smaller than threshold (5)
INFO: [Synth 8-5544] ROM "state" won't be mapped to Block RAM because address size (1) smaller than threshold (5)
---------------------------------------------------------------------------------------------------
                   State |                     New Encoding |                Previous Encoding 
---------------------------------------------------------------------------------------------------
                    IDLE |                  000000000000010 |                             0000
        TX_FORCE_CLK_LOW |                  000000000001000 |                             0100
       TX_BRING_DATA_LOW |                  000000000010000 |                             0101
          TX_RELEASE_CLK |                  100000000000000 |                             0110
  TX_WAIT_FIRTS_NEG_EDGE |                  001000000000000 |                             0111
              TX_CLK_LOW |                  000100000000000 |                             1000
        TX_WAIT_POS_EDGE |                  010000000000000 |                             1001
TX_WAIT_POS_EDGE_BEFORE_ACK |                  000001000000000 |                             1011
             TX_WAIT_ACK |                  000000010000000 |                             1100
         TX_RECEIVED_ACK |                  000000000100000 |                             1101
         TX_ERROR_NO_ACK |                  000000100000000 |                             1110
             TX_CLK_HIGH |                  000010000000000 |                             1010
             RX_NEG_EDGE |                  000000000000100 |                             0001
              RX_CLK_LOW |                  000000001000000 |                             0010
             RX_CLK_HIGH |                  000000000000001 |                             0011
---------------------------------------------------------------------------------------------------
INFO: [Synth 8-3354] encoded FSM with state register 'state_reg' using encoding 'one-hot' in module 'Ps2Interface'
---------------------------------------------------------------------------------------------------
                   State |                     New Encoding |                Previous Encoding 
---------------------------------------------------------------------------------------------------
                   RESET |                              000 |                              000
                SEND_CMD |                              001 |                              001
                WAIT_ACK |                              010 |                              010
          RESET_WAIT_BAT |                              011 |                              110
              WAIT_KEYIN |                              100 |                              011
              GET_EXTEND |                              101 |                              101
               GET_BREAK |                              110 |                              100
---------------------------------------------------------------------------------------------------
INFO: [Synth 8-3354] encoded FSM with state register 'state_reg' using encoding 'sequential' in module 'KeyboardCtrl'
---------------------------------------------------------------------------------
Finished RTL Optimization Phase 2 : Time (s): cpu = 00:00:06 ; elapsed = 00:00:05 . Memory (MB): peak = 441.340 ; gain = 155.277
---------------------------------------------------------------------------------

Report RTL Partitions: 
+-+--------------+------------+----------+
| |RTL Partition |Replication |Instances |
+-+--------------+------------+----------+
+-+--------------+------------+----------+
No constraint files found.
---------------------------------------------------------------------------------
Start RTL Component Statistics 
---------------------------------------------------------------------------------
Detailed RTL Component Info : 
+---Adders : 
	   2 Input     14 Bit       Adders := 1     
	   2 Input      4 Bit       Adders := 3     
+---Registers : 
	               14 Bit    Registers := 1     
	               11 Bit    Registers := 1     
	                8 Bit    Registers := 3     
	                4 Bit    Registers := 3     
	                3 Bit    Registers := 1     
	                1 Bit    Registers := 14    
+---Muxes : 
	  15 Input     15 Bit        Muxes := 1     
	   2 Input     15 Bit        Muxes := 17    
	   2 Input     14 Bit        Muxes := 3     
	  15 Input     14 Bit        Muxes := 1     
	   2 Input     11 Bit        Muxes := 1     
	   7 Input      8 Bit        Muxes := 1     
	   2 Input      4 Bit        Muxes := 5     
	  25 Input      3 Bit        Muxes := 1     
	   2 Input      1 Bit        Muxes := 9     
	  15 Input      1 Bit        Muxes := 6     
	   7 Input      1 Bit        Muxes := 7     
---------------------------------------------------------------------------------
Finished RTL Component Statistics 
---------------------------------------------------------------------------------
---------------------------------------------------------------------------------
Start RTL Hierarchical Component Statistics 
---------------------------------------------------------------------------------
Hierarchical RTL Component report 
Module Ps2Interface 
Detailed RTL Component Info : 
+---Adders : 
	   2 Input     14 Bit       Adders := 1     
	   2 Input      4 Bit       Adders := 3     
+---Registers : 
	               14 Bit    Registers := 1     
	               11 Bit    Registers := 1     
	                8 Bit    Registers := 1     
	                4 Bit    Registers := 3     
	                1 Bit    Registers := 10    
+---Muxes : 
	  15 Input     15 Bit        Muxes := 1     
	   2 Input     15 Bit        Muxes := 17    
	   2 Input     14 Bit        Muxes := 3     
	  15 Input     14 Bit        Muxes := 1     
	   2 Input     11 Bit        Muxes := 1     
	   2 Input      4 Bit        Muxes := 5     
	   2 Input      1 Bit        Muxes := 8     
	  15 Input      1 Bit        Muxes := 6     
Module KeyboardCtrl 
Detailed RTL Component Info : 
+---Registers : 
	                8 Bit    Registers := 2     
	                3 Bit    Registers := 1     
	                1 Bit    Registers := 4     
+---Muxes : 
	   7 Input      8 Bit        Muxes := 1     
	  25 Input      3 Bit        Muxes := 1     
	   2 Input      1 Bit        Muxes := 1     
	   7 Input      1 Bit        Muxes := 7     
---------------------------------------------------------------------------------
Finished RTL Hierarchical Component Statistics
---------------------------------------------------------------------------------
---------------------------------------------------------------------------------
Start Part Resource Summary
---------------------------------------------------------------------------------
Part Resources:
DSPs: 90 (col length:60)
BRAMs: 100 (col length: RAMB18 60 RAMB36 30)
---------------------------------------------------------------------------------
Finished Part Resource Summary
---------------------------------------------------------------------------------
No constraint files found.
---------------------------------------------------------------------------------
Start Cross Boundary and Area Optimization
---------------------------------------------------------------------------------
Warning: Parallel synthesis criteria is not met 
INFO: [Synth 8-5546] ROM "inst/Ps2Interface_i/state_next" won't be mapped to RAM because it is too sparse
INFO: [Synth 8-5546] ROM "inst/Ps2Interface_i/state_next" won't be mapped to RAM because it is too sparse
INFO: [Synth 8-3886] merging instance 'inst/lock_status_reg[0]' (FDCE) to 'inst/lock_status_reg[1]'
INFO: [Synth 8-3886] merging instance 'inst/lock_status_reg[1]' (FDCE) to 'inst/lock_status_reg[2]'
INFO: [Synth 8-3333] propagating constant 0 across sequential element (\inst/lock_status_reg[2] )
INFO: [Synth 8-3886] merging instance 'inst/tx_data_reg[3]' (FDCE) to 'inst/tx_data_reg[4]'
INFO: [Synth 8-3886] merging instance 'inst/tx_data_reg[4]' (FDCE) to 'inst/tx_data_reg[5]'
INFO: [Synth 8-3886] merging instance 'inst/tx_data_reg[5]' (FDCE) to 'inst/tx_data_reg[6]'
INFO: [Synth 8-3886] merging instance 'inst/tx_data_reg[6]' (FDCE) to 'inst/tx_data_reg[7]'
INFO: [Synth 8-3886] merging instance 'inst/tx_data_reg[0]' (FDCE) to 'inst/tx_data_reg[1]'
INFO: [Synth 8-3886] merging instance 'inst/tx_data_reg[1]' (FDCE) to 'inst/tx_data_reg[2]'
INFO: [Synth 8-3332] Sequential element (inst/lock_status_reg[2]) is unused and will be removed from module KeyboardCtrl_0.
---------------------------------------------------------------------------------
Finished Cross Boundary and Area Optimization : Time (s): cpu = 00:00:11 ; elapsed = 00:00:11 . Memory (MB): peak = 596.938 ; gain = 310.875
---------------------------------------------------------------------------------
---------------------------------------------------------------------------------
Start ROM, RAM, DSP and Shift Register Reporting
---------------------------------------------------------------------------------

ROM:
+---------------+----------------------------------+---------------+----------------+
|Module Name    | RTL Object                       | Depth x Width | Implemented As | 
+---------------+----------------------------------+---------------+----------------+
|Ps2Interface   | parity_table                     | 256x1         | LUT            | 
|Ps2Interface   | parity_table                     | 256x1         | LUT            | 
|KeyboardCtrl_0 | inst/Ps2Interface_i/parity_table | 256x1         | LUT            | 
|KeyboardCtrl_0 | inst/Ps2Interface_i/parity_table | 256x1         | LUT            | 
+---------------+----------------------------------+---------------+----------------+

---------------------------------------------------------------------------------
Finished ROM, RAM, DSP and Shift Register Reporting
---------------------------------------------------------------------------------

Report RTL Partitions: 
+-+--------------+------------+----------+
| |RTL Partition |Replication |Instances |
+-+--------------+------------+----------+
+-+--------------+------------+----------+
No constraint files found.
---------------------------------------------------------------------------------
Start Timing Optimization
---------------------------------------------------------------------------------
---------------------------------------------------------------------------------
Finished Timing Optimization : Time (s): cpu = 00:00:11 ; elapsed = 00:00:11 . Memory (MB): peak = 596.938 ; gain = 310.875
---------------------------------------------------------------------------------

Report RTL Partitions: 
+-+--------------+------------+----------+
| |RTL Partition |Replication |Instances |
+-+--------------+------------+----------+
+-+--------------+------------+----------+
---------------------------------------------------------------------------------
Start Technology Mapping
---------------------------------------------------------------------------------
---------------------------------------------------------------------------------
Finished Technology Mapping : Time (s): cpu = 00:00:11 ; elapsed = 00:00:11 . Memory (MB): peak = 596.938 ; gain = 310.875
---------------------------------------------------------------------------------

Report RTL Partitions: 
+-+--------------+------------+----------+
| |RTL Partition |Replication |Instances |
+-+--------------+------------+----------+
+-+--------------+------------+----------+
---------------------------------------------------------------------------------
Start IO Insertion
---------------------------------------------------------------------------------
---------------------------------------------------------------------------------
Start Flattening Before IO Insertion
---------------------------------------------------------------------------------
---------------------------------------------------------------------------------
Finished Flattening Before IO Insertion
---------------------------------------------------------------------------------
---------------------------------------------------------------------------------
Start Final Netlist Cleanup
---------------------------------------------------------------------------------
INFO: [Synth 8-5365] Flop inst/Ps2Interface_i/ps2_clk_en_reg is being inverted and renamed to inst/Ps2Interface_i/ps2_clk_en_reg_inv.
INFO: [Synth 8-5365] Flop inst/Ps2Interface_i/ps2_data_en_reg is being inverted and renamed to inst/Ps2Interface_i/ps2_data_en_reg_inv.
---------------------------------------------------------------------------------
Finished Final Netlist Cleanup
---------------------------------------------------------------------------------
---------------------------------------------------------------------------------
Finished IO Insertion : Time (s): cpu = 00:00:12 ; elapsed = 00:00:12 . Memory (MB): peak = 596.938 ; gain = 310.875
---------------------------------------------------------------------------------

Report Check Netlist: 
+------+------------------+-------+---------+-------+------------------+
|      |Item              |Errors |Warnings |Status |Description       |
+------+------------------+-------+---------+-------+------------------+
|1     |multi_driven_nets |      0|        0|Passed |Multi driven nets |
+------+------------------+-------+---------+-------+------------------+
---------------------------------------------------------------------------------
Start Renaming Generated Instances
---------------------------------------------------------------------------------
---------------------------------------------------------------------------------
Finished Renaming Generated Instances : Time (s): cpu = 00:00:12 ; elapsed = 00:00:12 . Memory (MB): peak = 596.938 ; gain = 310.875
---------------------------------------------------------------------------------

Report RTL Partitions: 
+-+--------------+------------+----------+
| |RTL Partition |Replication |Instances |
+-+--------------+------------+----------+
+-+--------------+------------+----------+
---------------------------------------------------------------------------------
Start Rebuilding User Hierarchy
---------------------------------------------------------------------------------
---------------------------------------------------------------------------------
Finished Rebuilding User Hierarchy : Time (s): cpu = 00:00:12 ; elapsed = 00:00:12 . Memory (MB): peak = 596.938 ; gain = 310.875
---------------------------------------------------------------------------------
---------------------------------------------------------------------------------
Start Renaming Generated Ports
---------------------------------------------------------------------------------
---------------------------------------------------------------------------------
Finished Renaming Generated Ports : Time (s): cpu = 00:00:12 ; elapsed = 00:00:12 . Memory (MB): peak = 596.938 ; gain = 310.875
---------------------------------------------------------------------------------
---------------------------------------------------------------------------------
Start Handling Custom Attributes
---------------------------------------------------------------------------------
---------------------------------------------------------------------------------
Finished Handling Custom Attributes : Time (s): cpu = 00:00:12 ; elapsed = 00:00:12 . Memory (MB): peak = 596.938 ; gain = 310.875
---------------------------------------------------------------------------------
---------------------------------------------------------------------------------
Start Renaming Generated Nets
---------------------------------------------------------------------------------
---------------------------------------------------------------------------------
Finished Renaming Generated Nets : Time (s): cpu = 00:00:12 ; elapsed = 00:00:12 . Memory (MB): peak = 596.938 ; gain = 310.875
---------------------------------------------------------------------------------
---------------------------------------------------------------------------------
Start Writing Synthesis Report
---------------------------------------------------------------------------------

Report BlackBoxes: 
+-+--------------+----------+
| |BlackBox name |Instances |
+-+--------------+----------+
+-+--------------+----------+

Report Cell Usage: 
+------+-------+------+
|      |Cell   |Count |
+------+-------+------+
|1     |CARRY4 |     4|
|2     |LUT2   |     4|
|3     |LUT3   |     9|
|4     |LUT4   |    45|
|5     |LUT5   |    19|
|6     |LUT6   |    28|
|7     |FDCE   |    79|
|8     |FDPE   |     8|
|9     |IOBUF  |     2|
+------+-------+------+

Report Instance Areas: 
+------+-------------------+-------------+------+
|      |Instance           |Module       |Cells |
+------+-------------------+-------------+------+
|1     |top                |             |   198|
|2     |  inst             |KeyboardCtrl |   198|
|3     |    Ps2Interface_i |Ps2Interface |   179|
+------+-------------------+-------------+------+
---------------------------------------------------------------------------------
Finished Writing Synthesis Report : Time (s): cpu = 00:00:12 ; elapsed = 00:00:12 . Memory (MB): peak = 596.938 ; gain = 310.875
---------------------------------------------------------------------------------
Synthesis finished with 0 errors, 0 critical warnings and 36 warnings.
Synthesis Optimization Runtime : Time (s): cpu = 00:00:12 ; elapsed = 00:00:12 . Memory (MB): peak = 596.938 ; gain = 310.875
Synthesis Optimization Complete : Time (s): cpu = 00:00:12 ; elapsed = 00:00:12 . Memory (MB): peak = 596.938 ; gain = 310.875
INFO: [Project 1-571] Translating synthesized netlist
INFO: [Netlist 29-17] Analyzing 6 Unisim elements for replacement
INFO: [Netlist 29-28] Unisim Transformation completed in 0 CPU seconds
INFO: [Project 1-570] Preparing netlist for logic optimization
INFO: [Opt 31-138] Pushed 0 inverter(s) to 0 load pin(s).
INFO: [Project 1-111] Unisim Transformation Summary:
  A total of 2 instances were transformed.
  IOBUF => IOBUF (IBUF, OBUFT): 2 instances

INFO: [Common 17-83] Releasing license: Synthesis
61 Infos, 36 Warnings, 0 Critical Warnings and 0 Errors encountered.
synth_design completed successfully
synth_design: Time (s): cpu = 00:00:17 ; elapsed = 00:00:18 . Memory (MB): peak = 675.199 ; gain = 400.605
WARNING: [Constraints 18-5210] No constraint will be written out.
INFO: [Timing 38-35] Done setting XDC timing constraints.
INFO: [Common 17-1381] The checkpoint 'D:/verilog/hardware_exp/lab5/basic4/basic4/basic4.runs/KeyboardCtrl_0_synth_1/KeyboardCtrl_0.dcp' has been generated.
write_checkpoint: Time (s): cpu = 00:00:13 ; elapsed = 00:00:14 . Memory (MB): peak = 1177.055 ; gain = 501.855
INFO: [Coretcl 2-1482] Added synthesis output to IP cache for IP d:/verilog/hardware_exp/lab5/basic4/basic4/basic4.srcs/sources_1/ip/KeyboardCtrl_0/KeyboardCtrl_0.xci
INFO: [Coretcl 2-1174] Renamed 2 cell refs.
WARNING: [Constraints 18-5210] No constraint will be written out.
INFO: [Common 17-1381] The checkpoint 'D:/verilog/hardware_exp/lab5/basic4/basic4/basic4.runs/KeyboardCtrl_0_synth_1/KeyboardCtrl_0.dcp' has been generated.
INFO: [runtcl-4] Executing : report_utilization -file KeyboardCtrl_0_utilization_synth.rpt -pb KeyboardCtrl_0_utilization_synth.pb
report_utilization: Time (s): cpu = 00:00:00 ; elapsed = 00:00:00.026 . Memory (MB): peak = 1181.086 ; gain = 0.000
INFO: [Common 17-206] Exiting Vivado at Thu Nov 15 20:23:37 2018...
