#-----------------------------------------------------------
# Vivado v2018.2 (64-bit)
# SW Build 2258646 on Thu Jun 14 20:03:12 MDT 2018
# IP Build 2256618 on Thu Jun 14 22:10:49 MDT 2018
# Start of session at: Wed Oct  3 23:51:11 2018
# Process ID: 28912
# Current directory: D:/verilog/hardware_exp/lab2/advanced_question_3/advanced_question_3
# Command line: vivado.exe -gui_launcher_event rodinguilauncherevent38760 D:\verilog\hardware_exp\lab2\advanced_question_3\advanced_question_3\advanced_question_3.xpr
# Log file: D:/verilog/hardware_exp/lab2/advanced_question_3/advanced_question_3/vivado.log
# Journal file: D:/verilog/hardware_exp/lab2/advanced_question_3/advanced_question_3\vivado.jou
#-----------------------------------------------------------
start_gui
open_project D:/verilog/hardware_exp/lab2/advanced_question_3/advanced_question_3/advanced_question_3.xpr
Scanning sources...
Finished scanning sources
INFO: [IP_Flow 19-234] Refreshing IP repositories
INFO: [IP_Flow 19-1704] No user IP repositories specified
INFO: [IP_Flow 19-2313] Loaded Vivado IP repository 'E:/XILINX/Vivado/2018.2/data/ip'.
open_project: Time (s): cpu = 00:00:17 ; elapsed = 00:00:07 . Memory (MB): peak = 774.656 ; gain = 69.148
update_compile_order -fileset sources_1
launch_simulation
INFO: [Vivado 12-5682] Launching behavioral simulation in 'D:/verilog/hardware_exp/lab2/advanced_question_3/advanced_question_3/advanced_question_3.sim/sim_1/behav/xsim'
INFO: [SIM-utils-51] Simulation object is 'sim_1'
INFO: [SIM-utils-54] Inspecting design source files for 'Carry_Look_Ahead_Adder_t' in fileset 'sim_1'...
INFO: [USF-XSim-97] Finding global include files...
INFO: [USF-XSim-98] Fetching design files from 'sim_1'...
INFO: [USF-XSim-2] XSim::Compile design
INFO: [USF-XSim-61] Executing 'COMPILE and ANALYZE' step in 'D:/verilog/hardware_exp/lab2/advanced_question_3/advanced_question_3/advanced_question_3.sim/sim_1/behav/xsim'
"xvlog --incr --relax -prj Carry_Look_Ahead_Adder_t_vlog.prj"
INFO: [VRFC 10-2263] Analyzing Verilog file "D:/verilog/hardware_exp/lab2/Lab2_TeamX_Carry_Look_Ahead_Adder.v" into library xil_defaultlib
INFO: [VRFC 10-311] analyzing module XOR
INFO: [VRFC 10-311] analyzing module FullAdder
INFO: [VRFC 10-311] analyzing module Carry_Look_Ahead_Adder
INFO: [VRFC 10-2263] Analyzing Verilog file "D:/verilog/hardware_exp/lab2/Lab2_TeamX_Carry_Look_Ahead_Adder_t.v" into library xil_defaultlib
INFO: [VRFC 10-311] analyzing module Carry_Look_Ahead_Adder_t
INFO: [USF-XSim-69] 'compile' step finished in '5' seconds
INFO: [USF-XSim-3] XSim::Elaborate design
INFO: [USF-XSim-61] Executing 'ELABORATE' step in 'D:/verilog/hardware_exp/lab2/advanced_question_3/advanced_question_3/advanced_question_3.sim/sim_1/behav/xsim'
Vivado Simulator 2018.2
Copyright 1986-1999, 2001-2018 Xilinx, Inc. All Rights Reserved.
Running: E:/XILINX/Vivado/2018.2/bin/unwrapped/win64.o/xelab.exe -wto b9837039b31342119d940f4c3c9b15f6 --incr --debug typical --relax --mt 2 -L xil_defaultlib -L unisims_ver -L unimacro_ver -L secureip --snapshot Carry_Look_Ahead_Adder_t_behav xil_defaultlib.Carry_Look_Ahead_Adder_t xil_defaultlib.glbl -log elaborate.log 
Using 2 slave threads.
Starting static elaboration
Completed static elaboration
Starting simulation data flow analysis
Completed simulation data flow analysis
Time Resolution for simulation is 1ps
Compiling module xil_defaultlib.XOR
Compiling module xil_defaultlib.FullAdder
Compiling module xil_defaultlib.Carry_Look_Ahead_Adder
Compiling module xil_defaultlib.Carry_Look_Ahead_Adder_t
Compiling module xil_defaultlib.glbl
Built simulation snapshot Carry_Look_Ahead_Adder_t_behav

****** Webtalk v2018.2 (64-bit)
  **** SW Build 2258646 on Thu Jun 14 20:03:12 MDT 2018
  **** IP Build 2256618 on Thu Jun 14 22:10:49 MDT 2018
    ** Copyright 1986-2018 Xilinx, Inc. All Rights Reserved.

source D:/verilog/hardware_exp/lab2/advanced_question_3/advanced_question_3/advanced_question_3.sim/sim_1/behav/xsim/xsim.dir/Carry_Look_Ahead_Adder_t_behav/webtalk/xsim_webtalk.tcl -notrace
INFO: [Common 17-186] 'D:/verilog/hardware_exp/lab2/advanced_question_3/advanced_question_3/advanced_question_3.sim/sim_1/behav/xsim/xsim.dir/Carry_Look_Ahead_Adder_t_behav/webtalk/usage_statistics_ext_xsim.xml' has been successfully sent to Xilinx on Wed Oct  3 23:52:32 2018. For additional details about this file, please refer to the WebTalk help file at E:/XILINX/Vivado/2018.2/doc/webtalk_introduction.html.
INFO: [Common 17-206] Exiting Webtalk at Wed Oct  3 23:52:32 2018...
run_program: Time (s): cpu = 00:00:04 ; elapsed = 00:00:15 . Memory (MB): peak = 797.961 ; gain = 0.000
INFO: [USF-XSim-69] 'elaborate' step finished in '15' seconds
INFO: [USF-XSim-4] XSim::Simulate design
INFO: [USF-XSim-61] Executing 'SIMULATE' step in 'D:/verilog/hardware_exp/lab2/advanced_question_3/advanced_question_3/advanced_question_3.sim/sim_1/behav/xsim'
INFO: [USF-XSim-98] *** Running xsim
   with args "Carry_Look_Ahead_Adder_t_behav -key {Behavioral:sim_1:Functional:Carry_Look_Ahead_Adder_t} -tclbatch {Carry_Look_Ahead_Adder_t.tcl} -log {simulate.log}"
INFO: [USF-XSim-8] Loading simulator feature
Vivado Simulator 2018.2
Time resolution is 1 ps
source Carry_Look_Ahead_Adder_t.tcl
# set curr_wave [current_wave_config]
# if { [string length $curr_wave] == 0 } {
#   if { [llength [get_objects]] > 0} {
#     add_wave /
#     set_property needs_save false [current_wave_config]
#   } else {
#      send_msg_id Add_Wave-1 WARNING "No top level signals found. Simulator will start without a wave window. If you want to open a wave window go to 'File->New Waveform Configuration' or type 'create_wave_config' in the TCL console."
#   }
# }
# run 1000ns
xsim: Time (s): cpu = 00:00:06 ; elapsed = 00:00:07 . Memory (MB): peak = 797.961 ; gain = 0.000
INFO: [USF-XSim-96] XSim completed. Design snapshot 'Carry_Look_Ahead_Adder_t_behav' loaded.
INFO: [USF-XSim-97] XSim simulation ran for 1000ns
launch_simulation: Time (s): cpu = 00:00:12 ; elapsed = 00:00:28 . Memory (MB): peak = 797.961 ; gain = 0.000
close_sim
INFO: [Simtcl 6-16] Simulation closed
close_sim: Time (s): cpu = 00:00:01 ; elapsed = 00:00:07 . Memory (MB): peak = 800.168 ; gain = 0.000
exit
INFO: [Common 17-206] Exiting Vivado at Wed Oct  3 23:53:11 2018...
