#-----------------------------------------------------------
# Vivado v2018.2 (64-bit)
# SW Build 2258646 on Thu Jun 14 20:03:12 MDT 2018
# IP Build 2256618 on Thu Jun 14 22:10:49 MDT 2018
# Start of session at: Sat Sep 15 14:09:47 2018
# Process ID: 15700
# Current directory: D:/verilog/hardware_exp/lab1/RippleCarryAdder
# Command line: vivado.exe -gui_launcher_event rodinguilauncherevent24544 D:\verilog\hardware_exp\lab1\RippleCarryAdder\RippleCarryAdder.xpr
# Log file: D:/verilog/hardware_exp/lab1/RippleCarryAdder/vivado.log
# Journal file: D:/verilog/hardware_exp/lab1/RippleCarryAdder\vivado.jou
#-----------------------------------------------------------
start_gui
open_project D:/verilog/hardware_exp/lab1/RippleCarryAdder/RippleCarryAdder.xpr
Scanning sources...
Finished scanning sources
INFO: [IP_Flow 19-234] Refreshing IP repositories
INFO: [IP_Flow 19-1704] No user IP repositories specified
INFO: [IP_Flow 19-2313] Loaded Vivado IP repository 'E:/XILINX/Vivado/2018.2/data/ip'.
open_project: Time (s): cpu = 00:00:13 ; elapsed = 00:00:20 . Memory (MB): peak = 786.984 ; gain = 75.348
update_compile_order -fileset sources_1
exit
INFO: [Common 17-206] Exiting Vivado at Sat Sep 15 14:10:51 2018...
